zxlibs/build/outputs/logs/manifest-merger-debug-report.txt
-- Merging decision tree log ---
manifest
ADDED from StuartApp\zxlibs\AndroidManifest.xml:5:5-9:12
INJECTED from StuartApp\zxlibs\AndroidManifest.xml:5:5-9:12
INJECTED from StuartApp\zxlibs\AndroidManifest.xml:5:5-9:12
INJECTED from StuartApp\zxlibs\AndroidManifest.xml:5:5-9:12
INJECTED from StuartApp\zxlibs\AndroidManifest.xml:5:5-9:12
INJECTED from StuartApp\zxlibs\AndroidManifest.xml:5:5-9:12
INJECTED from StuartApp\zxlibs\AndroidManifest.xml:5:5-9:12
	package
		ADDED from StuartApp\zxlibs\AndroidManifest.xml:5:69-110
		INJECTED from StuartApp\zxlibs\AndroidManifest.xml
		INJECTED from StuartApp\zxlibs\AndroidManifest.xml
	android:versionName
		ADDED from StuartApp\zxlibs\AndroidManifest.xml:5:41-68
		INJECTED from StuartApp\zxlibs\AndroidManifest.xml
		INJECTED from StuartApp\zxlibs\AndroidManifest.xml
	xmlns:android
		ADDED from StuartApp\zxlibs\AndroidManifest.xml:5:111-169
	android:versionCode
		ADDED from StuartApp\zxlibs\AndroidManifest.xml:5:15-40
		INJECTED from StuartApp\zxlibs\AndroidManifest.xml
		INJECTED from StuartApp\zxlibs\AndroidManifest.xml
uses-sdk
ADDED from StuartApp\zxlibs\AndroidManifest.xml:7:5-43
	android:minSdkVersion
		ADDED from StuartApp\zxlibs\AndroidManifest.xml:7:15-41